c:\users\facebook1\source\repos\datagridtreeview\datagridtreeview\x64\debug\vc143.pdb
c:\users\facebook1\source\repos\datagridtreeview\datagridtreeview\x64\debug\.netframework,version=v4.7.2.assemblyattributes.obj
c:\users\facebook1\source\repos\datagridtreeview\datagridtreeview\x64\debug\myform.obj
c:\users\facebook1\source\repos\datagridtreeview\x64\debug\objectlistview.dll
c:\users\facebook1\source\repos\datagridtreeview\x64\debug\datagridtreeview.exe
c:\users\facebook1\source\repos\datagridtreeview\x64\debug\datagridtreeview.pdb
c:\users\facebook1\source\repos\datagridtreeview\datagridtreeview\x64\debug\datagridtreeview.tlog\metagen.write.1.tlog
c:\users\facebook1\source\repos\datagridtreeview\datagridtreeview\x64\debug\datagridtreeview.tlog\cl.command.1.tlog
c:\users\facebook1\source\repos\datagridtreeview\datagridtreeview\x64\debug\datagridtreeview.tlog\cl.items.tlog
c:\users\facebook1\source\repos\datagridtreeview\datagridtreeview\x64\debug\datagridtreeview.tlog\cl.read.1.tlog
c:\users\facebook1\source\repos\datagridtreeview\datagridtreeview\x64\debug\datagridtreeview.tlog\cl.write.1.tlog
c:\users\facebook1\source\repos\datagridtreeview\datagridtreeview\x64\debug\datagridtreeview.tlog\copylocal.read.1u.tlog
c:\users\facebook1\source\repos\datagridtreeview\datagridtreeview\x64\debug\datagridtreeview.tlog\copylocal.write.1u.tlog
c:\users\facebook1\source\repos\datagridtreeview\datagridtreeview\x64\debug\datagridtreeview.tlog\link.command.1.tlog
c:\users\facebook1\source\repos\datagridtreeview\datagridtreeview\x64\debug\datagridtreeview.tlog\link.read.1.tlog
c:\users\facebook1\source\repos\datagridtreeview\datagridtreeview\x64\debug\datagridtreeview.tlog\link.write.1.tlog
c:\users\facebook1\source\repos\datagridtreeview\datagridtreeview\x64\debug\datagridtreeview.tlog\metagen.read.1.tlog
c:\users\facebook1\source\repos\datagridtreeview\datagridtreeview\x64\debug\datagridtreeview.tlog\resgen.command.1.tlog
c:\users\facebook1\source\repos\datagridtreeview\datagridtreeview\x64\debug\datagridtreeview.tlog\resgen.read.1.tlog
c:\users\facebook1\source\repos\datagridtreeview\datagridtreeview\x64\debug\datagridtreeview.tlog\resgen.write.1.tlog
c:\users\facebook1\source\repos\datagridtreeview\datagridtreeview\x64\debug\datagridtreeview.tlog\dropdowncontrols.dll.metagen
c:\users\facebook1\source\repos\datagridtreeview\datagridtreeview\x64\debug\datagridtreeview.tlog\objectlistview.dll.metagen
